<?xml version="1.0" encoding="UTF-8"?>
<testsuite xmlns:xsi="http://www.w3.org/2001/XMLSchema-instance" xsi:noNamespaceSchemaLocation="https://maven.apache.org/surefire/maven-surefire-plugin/xsd/surefire-test-report-3.0.xsd" version="3.0" name="Test_SapExample" time="2.853" tests="1" errors="1" skipped="0" failures="0">
  <properties>
    <property name="sun.desktop" value="windows"/>
    <property name="awt.toolkit" value="sun.awt.windows.WToolkit"/>
    <property name="file.encoding.pkg" value="sun.io"/>
    <property name="java.specification.version" value="1.8"/>
    <property name="sun.cpu.isalist" value="amd64"/>
    <property name="sun.jnu.encoding" value="Cp1251"/>
    <property name="java.class.path" value="C:\DATA\Books\Programm\VGTU\target\test-classes;C:\DATA\Books\Programm\VGTU\target\classes;C:\Users\aa.konovalov\.m2\repository\org\seleniumhq\selenium\lift\3.141.59\lift-3.141.59.jar;C:\Users\aa.konovalov\.m2\repository\org\seleniumhq\selenium\selenium-api\3.141.59\selenium-api-3.141.59.jar;C:\Users\aa.konovalov\.m2\repository\org\seleniumhq\selenium\selenium-remote-driver\3.141.59\selenium-remote-driver-3.141.59.jar;C:\Users\aa.konovalov\.m2\repository\org\seleniumhq\selenium\selenium-support\3.141.59\selenium-support-3.141.59.jar;C:\Users\aa.konovalov\.m2\repository\net\bytebuddy\byte-buddy\1.8.15\byte-buddy-1.8.15.jar;C:\Users\aa.konovalov\.m2\repository\org\apache\commons\commons-exec\1.3\commons-exec-1.3.jar;C:\Users\aa.konovalov\.m2\repository\com\google\guava\guava\25.0-jre\guava-25.0-jre.jar;C:\Users\aa.konovalov\.m2\repository\com\google\code\findbugs\jsr305\1.3.9\jsr305-1.3.9.jar;C:\Users\aa.konovalov\.m2\repository\org\checkerframework\checker-compat-qual\2.0.0\checker-compat-qual-2.0.0.jar;C:\Users\aa.konovalov\.m2\repository\com\google\errorprone\error_prone_annotations\2.1.3\error_prone_annotations-2.1.3.jar;C:\Users\aa.konovalov\.m2\repository\com\google\j2objc\j2objc-annotations\1.1\j2objc-annotations-1.1.jar;C:\Users\aa.konovalov\.m2\repository\org\codehaus\mojo\animal-sniffer-annotations\1.14\animal-sniffer-annotations-1.14.jar;C:\Users\aa.konovalov\.m2\repository\org\hamcrest\hamcrest-core\1.3\hamcrest-core-1.3.jar;C:\Users\aa.konovalov\.m2\repository\org\hamcrest\hamcrest-library\1.3\hamcrest-library-1.3.jar;C:\Users\aa.konovalov\.m2\repository\com\squareup\okhttp3\okhttp\3.11.0\okhttp-3.11.0.jar;C:\Users\aa.konovalov\.m2\repository\com\squareup\okio\okio\1.14.0\okio-1.14.0.jar;C:\Users\aa.konovalov\.m2\repository\org\apache\poi\poi\3.15\poi-3.15.jar;C:\Users\aa.konovalov\.m2\repository\commons-codec\commons-codec\1.10\commons-codec-1.10.jar;C:\Users\aa.konovalov\.m2\repository\org\apache\commons\commons-collections4\4.1\commons-collections4-4.1.jar;C:\Users\aa.konovalov\.m2\repository\commons-io\commons-io\2.6\commons-io-2.6.jar;C:\Users\aa.konovalov\.m2\repository\org\jsoup\jsoup\1.11.3\jsoup-1.11.3.jar;C:\DATA\Books\Programm\VGTU\src\main\resources\jacob.jar;C:\Users\aa.konovalov\.m2\repository\com\aventstack\extentreports\4.0.9\extentreports-4.0.9.jar;C:\Users\aa.konovalov\.m2\repository\org\freemarker\freemarker\2.3.23\freemarker-2.3.23.jar;C:\Users\aa.konovalov\.m2\repository\org\mongodb\mongodb-driver\3.3.0\mongodb-driver-3.3.0.jar;C:\Users\aa.konovalov\.m2\repository\org\mongodb\mongodb-driver-core\3.3.0\mongodb-driver-core-3.3.0.jar;C:\Users\aa.konovalov\.m2\repository\org\mongodb\bson\3.3.0\bson-3.3.0.jar;C:\Users\aa.konovalov\.m2\repository\org\apache\httpcomponents\httpclient\4.5.2\httpclient-4.5.2.jar;C:\Users\aa.konovalov\.m2\repository\org\apache\httpcomponents\httpcore\4.4.4\httpcore-4.4.4.jar;C:\Users\aa.konovalov\.m2\repository\commons-logging\commons-logging\1.2\commons-logging-1.2.jar;C:\Users\aa.konovalov\.m2\repository\org\apache\httpcomponents\httpmime\4.5.2\httpmime-4.5.2.jar;C:\Users\aa.konovalov\.m2\repository\com\google\code\gson\gson\2.8.5\gson-2.8.5.jar;C:\Users\aa.konovalov\.m2\repository\org\projectlombok\lombok\1.18.12\lombok-1.18.12.jar;C:\Users\aa.konovalov\.m2\repository\com\fasterxml\jackson\core\jackson-annotations\2.10.2\jackson-annotations-2.10.2.jar;C:\Users\aa.konovalov\.m2\repository\org\junit\jupiter\junit-jupiter-api\5.5.2\junit-jupiter-api-5.5.2.jar;C:\Users\aa.konovalov\.m2\repository\org\opentest4j\opentest4j\1.2.0\opentest4j-1.2.0.jar;C:\Users\aa.konovalov\.m2\repository\org\junit\platform\junit-platform-commons\1.5.2\junit-platform-commons-1.5.2.jar;C:\Users\aa.konovalov\.m2\repository\org\junit\jupiter\junit-jupiter-params\5.5.2\junit-jupiter-params-5.5.2.jar;C:\Users\aa.konovalov\.m2\repository\org\junit\jupiter\junit-jupiter-engine\5.5.2\junit-jupiter-engine-5.5.2.jar;C:\Users\aa.konovalov\.m2\repository\org\apiguardian\apiguardian-api\1.1.0\apiguardian-api-1.1.0.jar;C:\Users\aa.konovalov\.m2\repository\org\junit\platform\junit-platform-engine\1.5.2\junit-platform-engine-1.5.2.jar;C:\Users\aa.konovalov\.m2\repository\org\junit\vintage\junit-vintage-engine\5.5.2\junit-vintage-engine-5.5.2.jar;C:\Users\aa.konovalov\.m2\repository\junit\junit\4.12\junit-4.12.jar;C:\Users\aa.konovalov\.m2\repository\org\slf4j\slf4j-simple\1.7.30\slf4j-simple-1.7.30.jar;C:\Users\aa.konovalov\.m2\repository\org\slf4j\slf4j-api\1.7.30\slf4j-api-1.7.30.jar;C:\Users\aa.konovalov\.m2\repository\io\github\artsok\rerunner-jupiter\2.1.3\rerunner-jupiter-2.1.3.jar;C:\Users\aa.konovalov\.m2\repository\org\junit\platform\junit-platform-runner\1.4.2\junit-platform-runner-1.4.2.jar;C:\Users\aa.konovalov\.m2\repository\org\junit\platform\junit-platform-launcher\1.4.2\junit-platform-launcher-1.4.2.jar;C:\Users\aa.konovalov\.m2\repository\org\junit\platform\junit-platform-suite-api\1.4.2\junit-platform-suite-api-1.4.2.jar;C:\Users\aa.konovalov\.m2\repository\com\codeborne\selenide\5.6.1\selenide-5.6.1.jar;C:\Users\aa.konovalov\.m2\repository\org\seleniumhq\selenium\selenium-java\3.141.59\selenium-java-3.141.59.jar;C:\Users\aa.konovalov\.m2\repository\org\seleniumhq\selenium\selenium-chrome-driver\3.141.59\selenium-chrome-driver-3.141.59.jar;C:\Users\aa.konovalov\.m2\repository\org\seleniumhq\selenium\selenium-edge-driver\3.141.59\selenium-edge-driver-3.141.59.jar;C:\Users\aa.konovalov\.m2\repository\org\seleniumhq\selenium\selenium-firefox-driver\3.141.59\selenium-firefox-driver-3.141.59.jar;C:\Users\aa.konovalov\.m2\repository\org\seleniumhq\selenium\selenium-ie-driver\3.141.59\selenium-ie-driver-3.141.59.jar;C:\Users\aa.konovalov\.m2\repository\org\seleniumhq\selenium\selenium-opera-driver\3.141.59\selenium-opera-driver-3.141.59.jar;C:\Users\aa.konovalov\.m2\repository\org\seleniumhq\selenium\selenium-safari-driver\3.141.59\selenium-safari-driver-3.141.59.jar;C:\Users\aa.konovalov\.m2\repository\io\github\bonigarcia\webdrivermanager\3.8.0\webdrivermanager-3.8.0.jar;C:\Users\aa.konovalov\.m2\repository\org\apache\commons\commons-lang3\3.8.1\commons-lang3-3.8.1.jar;C:\Users\aa.konovalov\.m2\repository\org\rauschig\jarchivelib\1.0.0\jarchivelib-1.0.0.jar;C:\Users\aa.konovalov\.m2\repository\org\apache\commons\commons-compress\1.18\commons-compress-1.18.jar;C:\Users\aa.konovalov\.m2\repository\com\browserup\browserup-proxy-core\2.0.1\browserup-proxy-core-2.0.1.jar;C:\Users\aa.konovalov\.m2\repository\com\browserup\browserup-proxy-mitm\2.0.1\browserup-proxy-mitm-2.0.1.jar;C:\Users\aa.konovalov\.m2\repository\javax\xml\bind\jaxb-api\2.3.1\jaxb-api-2.3.1.jar;C:\Users\aa.konovalov\.m2\repository\javax\activation\javax.activation-api\1.2.0\javax.activation-api-1.2.0.jar;C:\Users\aa.konovalov\.m2\repository\com\fasterxml\jackson\core\jackson-core\2.9.9\jackson-core-2.9.9.jar;C:\Users\aa.konovalov\.m2\repository\com\fasterxml\jackson\core\jackson-databind\2.9.9.1\jackson-databind-2.9.9.1.jar;C:\Users\aa.konovalov\.m2\repository\com\jcraft\jzlib\1.1.3\jzlib-1.1.3.jar;C:\Users\aa.konovalov\.m2\repository\dnsjava\dnsjava\2.1.9\dnsjava-2.1.9.jar;C:\Users\aa.konovalov\.m2\repository\org\bouncycastle\bcpkix-jdk15on\1.62\bcpkix-jdk15on-1.62.jar;C:\Users\aa.konovalov\.m2\repository\org\bouncycastle\bcprov-jdk15on\1.62\bcprov-jdk15on-1.62.jar;C:\Users\aa.konovalov\.m2\repository\org\brotli\dec\0.1.2\dec-0.1.2.jar;C:\Users\aa.konovalov\.m2\repository\org\javassist\javassist\3.25.0-GA\javassist-3.25.0-GA.jar;C:\Users\aa.konovalov\.m2\repository\org\slf4j\jcl-over-slf4j\1.7.28\jcl-over-slf4j-1.7.28.jar;C:\Users\aa.konovalov\.m2\repository\io\netty\netty-all\4.1.44.Final\netty-all-4.1.44.Final.jar;C:\Users\aa.konovalov\.m2\repository\xyz\rogfam\littleproxy\2.0.0-beta-5\littleproxy-2.0.0-beta-5.jar;C:\Users\aa.konovalov\.m2\repository\com\barchart\udt\barchart-udt-bundle\2.3.0\barchart-udt-bundle-2.3.0.jar;"/>
    <property name="java.vm.vendor" value="Oracle Corporation"/>
    <property name="sun.arch.data.model" value="64"/>
    <property name="user.variant" value=""/>
    <property name="java.vendor.url" value="http://java.oracle.com/"/>
    <property name="user.timezone" value="Europe/Moscow"/>
    <property name="java.vm.specification.version" value="1.8"/>
    <property name="os.name" value="Windows 10"/>
    <property name="user.country" value="RU"/>
    <property name="sun.java.launcher" value="SUN_STANDARD"/>
    <property name="sun.boot.library.path" value="C:\Program Files\Java\jdk1.8.0_201\jre\bin"/>
    <property name="sun.java.command" value="C:\Users\aa.konovalov\AppData\Local\Temp\surefire954094091181308886\surefirebooter2112481881840063435.jar C:\Users\aa.konovalov\AppData\Local\Temp\surefire954094091181308886 2020-02-12T08-08-57_517-jvmRun1 surefire2999718478455507476tmp surefire_03868427346919926938tmp"/>
    <property name="surefire.test.class.path" value="C:\DATA\Books\Programm\VGTU\target\test-classes;C:\DATA\Books\Programm\VGTU\target\classes;C:\Users\aa.konovalov\.m2\repository\org\seleniumhq\selenium\lift\3.141.59\lift-3.141.59.jar;C:\Users\aa.konovalov\.m2\repository\org\seleniumhq\selenium\selenium-api\3.141.59\selenium-api-3.141.59.jar;C:\Users\aa.konovalov\.m2\repository\org\seleniumhq\selenium\selenium-remote-driver\3.141.59\selenium-remote-driver-3.141.59.jar;C:\Users\aa.konovalov\.m2\repository\org\seleniumhq\selenium\selenium-support\3.141.59\selenium-support-3.141.59.jar;C:\Users\aa.konovalov\.m2\repository\net\bytebuddy\byte-buddy\1.8.15\byte-buddy-1.8.15.jar;C:\Users\aa.konovalov\.m2\repository\org\apache\commons\commons-exec\1.3\commons-exec-1.3.jar;C:\Users\aa.konovalov\.m2\repository\com\google\guava\guava\25.0-jre\guava-25.0-jre.jar;C:\Users\aa.konovalov\.m2\repository\com\google\code\findbugs\jsr305\1.3.9\jsr305-1.3.9.jar;C:\Users\aa.konovalov\.m2\repository\org\checkerframework\checker-compat-qual\2.0.0\checker-compat-qual-2.0.0.jar;C:\Users\aa.konovalov\.m2\repository\com\google\errorprone\error_prone_annotations\2.1.3\error_prone_annotations-2.1.3.jar;C:\Users\aa.konovalov\.m2\repository\com\google\j2objc\j2objc-annotations\1.1\j2objc-annotations-1.1.jar;C:\Users\aa.konovalov\.m2\repository\org\codehaus\mojo\animal-sniffer-annotations\1.14\animal-sniffer-annotations-1.14.jar;C:\Users\aa.konovalov\.m2\repository\org\hamcrest\hamcrest-core\1.3\hamcrest-core-1.3.jar;C:\Users\aa.konovalov\.m2\repository\org\hamcrest\hamcrest-library\1.3\hamcrest-library-1.3.jar;C:\Users\aa.konovalov\.m2\repository\com\squareup\okhttp3\okhttp\3.11.0\okhttp-3.11.0.jar;C:\Users\aa.konovalov\.m2\repository\com\squareup\okio\okio\1.14.0\okio-1.14.0.jar;C:\Users\aa.konovalov\.m2\repository\org\apache\poi\poi\3.15\poi-3.15.jar;C:\Users\aa.konovalov\.m2\repository\commons-codec\commons-codec\1.10\commons-codec-1.10.jar;C:\Users\aa.konovalov\.m2\repository\org\apache\commons\commons-collections4\4.1\commons-collections4-4.1.jar;C:\Users\aa.konovalov\.m2\repository\commons-io\commons-io\2.6\commons-io-2.6.jar;C:\Users\aa.konovalov\.m2\repository\org\jsoup\jsoup\1.11.3\jsoup-1.11.3.jar;C:\DATA\Books\Programm\VGTU\src\main\resources\jacob.jar;C:\Users\aa.konovalov\.m2\repository\com\aventstack\extentreports\4.0.9\extentreports-4.0.9.jar;C:\Users\aa.konovalov\.m2\repository\org\freemarker\freemarker\2.3.23\freemarker-2.3.23.jar;C:\Users\aa.konovalov\.m2\repository\org\mongodb\mongodb-driver\3.3.0\mongodb-driver-3.3.0.jar;C:\Users\aa.konovalov\.m2\repository\org\mongodb\mongodb-driver-core\3.3.0\mongodb-driver-core-3.3.0.jar;C:\Users\aa.konovalov\.m2\repository\org\mongodb\bson\3.3.0\bson-3.3.0.jar;C:\Users\aa.konovalov\.m2\repository\org\apache\httpcomponents\httpclient\4.5.2\httpclient-4.5.2.jar;C:\Users\aa.konovalov\.m2\repository\org\apache\httpcomponents\httpcore\4.4.4\httpcore-4.4.4.jar;C:\Users\aa.konovalov\.m2\repository\commons-logging\commons-logging\1.2\commons-logging-1.2.jar;C:\Users\aa.konovalov\.m2\repository\org\apache\httpcomponents\httpmime\4.5.2\httpmime-4.5.2.jar;C:\Users\aa.konovalov\.m2\repository\com\google\code\gson\gson\2.8.5\gson-2.8.5.jar;C:\Users\aa.konovalov\.m2\repository\org\projectlombok\lombok\1.18.12\lombok-1.18.12.jar;C:\Users\aa.konovalov\.m2\repository\com\fasterxml\jackson\core\jackson-annotations\2.10.2\jackson-annotations-2.10.2.jar;C:\Users\aa.konovalov\.m2\repository\org\junit\jupiter\junit-jupiter-api\5.5.2\junit-jupiter-api-5.5.2.jar;C:\Users\aa.konovalov\.m2\repository\org\opentest4j\opentest4j\1.2.0\opentest4j-1.2.0.jar;C:\Users\aa.konovalov\.m2\repository\org\junit\platform\junit-platform-commons\1.5.2\junit-platform-commons-1.5.2.jar;C:\Users\aa.konovalov\.m2\repository\org\junit\jupiter\junit-jupiter-params\5.5.2\junit-jupiter-params-5.5.2.jar;C:\Users\aa.konovalov\.m2\repository\org\junit\jupiter\junit-jupiter-engine\5.5.2\junit-jupiter-engine-5.5.2.jar;C:\Users\aa.konovalov\.m2\repository\org\apiguardian\apiguardian-api\1.1.0\apiguardian-api-1.1.0.jar;C:\Users\aa.konovalov\.m2\repository\org\junit\platform\junit-platform-engine\1.5.2\junit-platform-engine-1.5.2.jar;C:\Users\aa.konovalov\.m2\repository\org\junit\vintage\junit-vintage-engine\5.5.2\junit-vintage-engine-5.5.2.jar;C:\Users\aa.konovalov\.m2\repository\junit\junit\4.12\junit-4.12.jar;C:\Users\aa.konovalov\.m2\repository\org\slf4j\slf4j-simple\1.7.30\slf4j-simple-1.7.30.jar;C:\Users\aa.konovalov\.m2\repository\org\slf4j\slf4j-api\1.7.30\slf4j-api-1.7.30.jar;C:\Users\aa.konovalov\.m2\repository\io\github\artsok\rerunner-jupiter\2.1.3\rerunner-jupiter-2.1.3.jar;C:\Users\aa.konovalov\.m2\repository\org\junit\platform\junit-platform-runner\1.4.2\junit-platform-runner-1.4.2.jar;C:\Users\aa.konovalov\.m2\repository\org\junit\platform\junit-platform-launcher\1.4.2\junit-platform-launcher-1.4.2.jar;C:\Users\aa.konovalov\.m2\repository\org\junit\platform\junit-platform-suite-api\1.4.2\junit-platform-suite-api-1.4.2.jar;C:\Users\aa.konovalov\.m2\repository\com\codeborne\selenide\5.6.1\selenide-5.6.1.jar;C:\Users\aa.konovalov\.m2\repository\org\seleniumhq\selenium\selenium-java\3.141.59\selenium-java-3.141.59.jar;C:\Users\aa.konovalov\.m2\repository\org\seleniumhq\selenium\selenium-chrome-driver\3.141.59\selenium-chrome-driver-3.141.59.jar;C:\Users\aa.konovalov\.m2\repository\org\seleniumhq\selenium\selenium-edge-driver\3.141.59\selenium-edge-driver-3.141.59.jar;C:\Users\aa.konovalov\.m2\repository\org\seleniumhq\selenium\selenium-firefox-driver\3.141.59\selenium-firefox-driver-3.141.59.jar;C:\Users\aa.konovalov\.m2\repository\org\seleniumhq\selenium\selenium-ie-driver\3.141.59\selenium-ie-driver-3.141.59.jar;C:\Users\aa.konovalov\.m2\repository\org\seleniumhq\selenium\selenium-opera-driver\3.141.59\selenium-opera-driver-3.141.59.jar;C:\Users\aa.konovalov\.m2\repository\org\seleniumhq\selenium\selenium-safari-driver\3.141.59\selenium-safari-driver-3.141.59.jar;C:\Users\aa.konovalov\.m2\repository\io\github\bonigarcia\webdrivermanager\3.8.0\webdrivermanager-3.8.0.jar;C:\Users\aa.konovalov\.m2\repository\org\apache\commons\commons-lang3\3.8.1\commons-lang3-3.8.1.jar;C:\Users\aa.konovalov\.m2\repository\org\rauschig\jarchivelib\1.0.0\jarchivelib-1.0.0.jar;C:\Users\aa.konovalov\.m2\repository\org\apache\commons\commons-compress\1.18\commons-compress-1.18.jar;C:\Users\aa.konovalov\.m2\repository\com\browserup\browserup-proxy-core\2.0.1\browserup-proxy-core-2.0.1.jar;C:\Users\aa.konovalov\.m2\repository\com\browserup\browserup-proxy-mitm\2.0.1\browserup-proxy-mitm-2.0.1.jar;C:\Users\aa.konovalov\.m2\repository\javax\xml\bind\jaxb-api\2.3.1\jaxb-api-2.3.1.jar;C:\Users\aa.konovalov\.m2\repository\javax\activation\javax.activation-api\1.2.0\javax.activation-api-1.2.0.jar;C:\Users\aa.konovalov\.m2\repository\com\fasterxml\jackson\core\jackson-core\2.9.9\jackson-core-2.9.9.jar;C:\Users\aa.konovalov\.m2\repository\com\fasterxml\jackson\core\jackson-databind\2.9.9.1\jackson-databind-2.9.9.1.jar;C:\Users\aa.konovalov\.m2\repository\com\jcraft\jzlib\1.1.3\jzlib-1.1.3.jar;C:\Users\aa.konovalov\.m2\repository\dnsjava\dnsjava\2.1.9\dnsjava-2.1.9.jar;C:\Users\aa.konovalov\.m2\repository\org\bouncycastle\bcpkix-jdk15on\1.62\bcpkix-jdk15on-1.62.jar;C:\Users\aa.konovalov\.m2\repository\org\bouncycastle\bcprov-jdk15on\1.62\bcprov-jdk15on-1.62.jar;C:\Users\aa.konovalov\.m2\repository\org\brotli\dec\0.1.2\dec-0.1.2.jar;C:\Users\aa.konovalov\.m2\repository\org\javassist\javassist\3.25.0-GA\javassist-3.25.0-GA.jar;C:\Users\aa.konovalov\.m2\repository\org\slf4j\jcl-over-slf4j\1.7.28\jcl-over-slf4j-1.7.28.jar;C:\Users\aa.konovalov\.m2\repository\io\netty\netty-all\4.1.44.Final\netty-all-4.1.44.Final.jar;C:\Users\aa.konovalov\.m2\repository\xyz\rogfam\littleproxy\2.0.0-beta-5\littleproxy-2.0.0-beta-5.jar;C:\Users\aa.konovalov\.m2\repository\com\barchart\udt\barchart-udt-bundle\2.3.0\barchart-udt-bundle-2.3.0.jar;"/>
    <property name="sun.cpu.endian" value="little"/>
    <property name="user.home" value="C:\Users\aa.konovalov"/>
    <property name="user.language" value="ru"/>
    <property name="java.specification.vendor" value="Oracle Corporation"/>
    <property name="java.home" value="C:\Program Files\Java\jdk1.8.0_201\jre"/>
    <property name="basedir" value="C:\DATA\Books\Programm\VGTU"/>
    <property name="file.separator" value="\"/>
    <property name="line.separator" value="&#10;"/>
    <property name="java.vm.specification.vendor" value="Oracle Corporation"/>
    <property name="java.specification.name" value="Java Platform API Specification"/>
    <property name="java.awt.graphicsenv" value="sun.awt.Win32GraphicsEnvironment"/>
    <property name="surefire.real.class.path" value="C:\Users\aa.konovalov\AppData\Local\Temp\surefire954094091181308886\surefirebooter2112481881840063435.jar;C:\Users\aa.konovalov\.m2\repository/org/aspectj/aspectjweaver/1.9.5/aspectjweaver-1.9.5.jar"/>
    <property name="sun.boot.class.path" value="C:\Program Files\Java\jdk1.8.0_201\jre\lib\resources.jar;C:\Program Files\Java\jdk1.8.0_201\jre\lib\rt.jar;C:\Program Files\Java\jdk1.8.0_201\jre\lib\sunrsasign.jar;C:\Program Files\Java\jdk1.8.0_201\jre\lib\jsse.jar;C:\Program Files\Java\jdk1.8.0_201\jre\lib\jce.jar;C:\Program Files\Java\jdk1.8.0_201\jre\lib\charsets.jar;C:\Program Files\Java\jdk1.8.0_201\jre\lib\jfr.jar;C:\Program Files\Java\jdk1.8.0_201\jre\classes"/>
    <property name="user.script" value=""/>
    <property name="sun.management.compiler" value="HotSpot 64-Bit Tiered Compilers"/>
    <property name="java.runtime.version" value="1.8.0_201-b09"/>
    <property name="user.name" value="aa.konovalov"/>
    <property name="path.separator" value=";"/>
    <property name="os.version" value="10.0"/>
    <property name="java.endorsed.dirs" value="C:\Program Files\Java\jdk1.8.0_201\jre\lib\endorsed"/>
    <property name="java.runtime.name" value="Java(TM) SE Runtime Environment"/>
    <property name="file.encoding" value="Cp1251"/>
    <property name="java.vm.name" value="Java HotSpot(TM) 64-Bit Server VM"/>
    <property name="localRepository" value="C:\Users\aa.konovalov\.m2\repository"/>
    <property name="java.vendor.url.bug" value="http://bugreport.sun.com/bugreport/"/>
    <property name="java.io.tmpdir" value="C:\Users\AA1477~1.KON\AppData\Local\Temp\"/>
    <property name="java.version" value="1.8.0_201"/>
    <property name="user.dir" value="C:\DATA\Books\Programm\VGTU"/>
    <property name="os.arch" value="amd64"/>
    <property name="java.vm.specification.name" value="Java Virtual Machine Specification"/>
    <property name="java.awt.printerjob" value="sun.awt.windows.WPrinterJob"/>
    <property name="idea.version2019.3.1" value="true"/>
    <property name="sun.os.patch.level" value=""/>
    <property name="java.library.path" value="C:\DATA\Books\Programm\VGTU/src/main/resources/"/>
    <property name="junit.jupiter.extensions.autodetection.enabled" value="true"/>
    <property name="java.vm.info" value="mixed mode"/>
    <property name="java.vendor" value="Oracle Corporation"/>
    <property name="java.vm.version" value="25.201-b09"/>
    <property name="java.ext.dirs" value="C:\Program Files\Java\jdk1.8.0_201\jre\lib\ext;C:\WINDOWS\Sun\Java\lib\ext"/>
    <property name="sun.io.unicode.encoding" value="UnicodeLittle"/>
    <property name="java.class.version" value="52.0"/>
  </properties>
  <testcase name="test1" classname="Test_SapExample" time="2.822">
    <error type="com.jacob.com.ComFailException"><![CDATA[com.jacob.com.ComFailException: 
Invoke of: FindById
Source: SAP Frontend Server
Description: The control could not be found by id.

	at Test_SapExample.test1(Test_SapExample.java:75)
]]></error>
    <system-out><![CDATA[SAPROTWr: com.jacob.activeX.ActiveXComponent@2ea6137
ROTEntry: com.jacob.com.Dispatch@55040f2f
0
SAPROTWr: com.jacob.activeX.ActiveXComponent@64c87930
ROTEntry: com.jacob.com.Dispatch@525f1e4e
ScriptEngine: com.jacob.com.Dispatch@52aa2946
GUIApp: com.jacob.activeX.ActiveXComponent@67e2d983
Нашел окно
com.jacob.activeX.ActiveXComponent@589b3632
]]></system-out>
  </testcase>
</testsuite>